<?xml version="1.0" encoding="UTF-8"?>
<!-- Generated by org.testng.reporters.JUnitReportReporter -->
<testsuite hostname="MSI" failures="0" tests="1" name="ApiAutomation.ApiTestFlow" time="1.965" errors="0" timestamp="1 Feb 2025 16:45:29 GMT">
  <testcase classname="ApiAutomation.ApiTestFlow" name="TC_ApiTest" time="1.965"/>
</testsuite> <!-- ApiAutomation.ApiTestFlow -->
