<?xml version="1.0" encoding="UTF-8"?>
<!-- Generated by org.testng.reporters.JUnitReportReporter -->
<testsuite hostname="MSI" failures="0" tests="1" name="SeleniumAutomation.AddToCartFlow" time="14.679" errors="0" timestamp="1 Feb 2025 16:06:11 GMT">
  <testcase classname="SeleniumAutomation.AddToCartFlow" name="TC_AddToCart" time="14.679"/>
</testsuite> <!-- SeleniumAutomation.AddToCartFlow -->
