<?xml version="1.0" encoding="UTF-8"?>
<!-- Generated by org.testng.reporters.JUnitReportReporter -->
<testsuite hostname="MSI" failures="0" tests="1" name="ApiAutomation.ApiTestFlow" time="2.548" errors="0" timestamp="1 Feb 2025 17:01:08 GMT">
  <testcase classname="ApiAutomation.ApiTestFlow" name="TC_ApiFlowTest" time="2.548"/>
</testsuite> <!-- ApiAutomation.ApiTestFlow -->
