<?xml version="1.0" encoding="UTF-8"?>
<!-- Generated by org.testng.reporters.JUnitReportReporter -->
<testsuite hostname="MSI" failures="0" tests="1" name="SeleniumAutomation.AddToCartFlow" time="15.270" errors="0" timestamp="1 Feb 2025 17:01:08 GMT">
  <testcase classname="SeleniumAutomation.AddToCartFlow" name="TC_AddToCart" time="15.270"/>
</testsuite> <!-- SeleniumAutomation.AddToCartFlow -->
